x LKH-2.0.9/
x LKH-2.0.9/pr2392.par
x LKH-2.0.9/E3k.0.par
x LKH-2.0.9/Makefile
x LKH-2.0.9/xray14012_1.tsp
x LKH-2.0.9/E3k.0.pi
x LKH-2.0.9/E3k.0.tsp
x LKH-2.0.9/pr2392.tsp
x LKH-2.0.9/DOC/
x LKH-2.0.9/README.txt
x LKH-2.0.9/xray14012_1.par
x LKH-2.0.9/SRC/
x LKH-2.0.9/SRC/RestoreTour.c
x LKH-2.0.9/SRC/SolveKMeansSubproblems.c
x LKH-2.0.9/SRC/IsCommonEdge.c
x LKH-2.0.9/SRC/ReadProblem.c
x LKH-2.0.9/SRC/BestKOptMove.c
x LKH-2.0.9/SRC/Distance_SPECIAL.c
x LKH-2.0.9/SRC/CreateCandidateSet.c
x LKH-2.0.9/SRC/OBJ/
x LKH-2.0.9/SRC/Forbidden.c
x LKH-2.0.9/SRC/Best5OptMove.c
x LKH-2.0.9/SRC/RecordBetterTour.c
x LKH-2.0.9/SRC/Best4OptMove.c
x LKH-2.0.9/SRC/Exclude.c
x LKH-2.0.9/SRC/C.c
x LKH-2.0.9/SRC/IsCandidate.c
x LKH-2.0.9/SRC/Make3OptMove.c
x LKH-2.0.9/SRC/Make2OptMove.c
x LKH-2.0.9/SRC/ResetCandidateSet.c
x LKH-2.0.9/SRC/LKHmain.c
x LKH-2.0.9/SRC/SolveSFCSubproblems.c
x LKH-2.0.9/SRC/ERXT.c
x LKH-2.0.9/SRC/fscanint.c
x LKH-2.0.9/SRC/eprintf.c
x LKH-2.0.9/SRC/Gain23.c
x LKH-2.0.9/SRC/Heap.c
x LKH-2.0.9/SRC/GetTime.c
x LKH-2.0.9/SRC/SolveRoheSubproblems.c
x LKH-2.0.9/SRC/ReadPenalties.c
x LKH-2.0.9/SRC/Excludable.c
x LKH-2.0.9/SRC/SolveCompressedSubproblem.c
x LKH-2.0.9/SRC/Statistics.c
x LKH-2.0.9/SRC/PatchCycles.c
x LKH-2.0.9/SRC/MergeWithTourGPX2.c
x LKH-2.0.9/SRC/Sequence.c
x LKH-2.0.9/SRC/SolveDelaunaySubproblems.c
x LKH-2.0.9/SRC/WritePenalties.c
x LKH-2.0.9/SRC/NormalizeNodeList.c
x LKH-2.0.9/SRC/FreeStructures.c
x LKH-2.0.9/SRC/SolveKarpSubproblems.c
x LKH-2.0.9/SRC/Makefile
x LKH-2.0.9/SRC/Between_SL.c
x LKH-2.0.9/SRC/INCLUDE/
x LKH-2.0.9/SRC/IsPossibleCandidate.c
x LKH-2.0.9/SRC/NormalizeSegmentList.c
x LKH-2.0.9/SRC/Hashing.c
x LKH-2.0.9/SRC/LinKernighan.c
x LKH-2.0.9/SRC/gpx.c
x LKH-2.0.9/SRC/AdjustCandidateSet.c
x LKH-2.0.9/SRC/AllocateStructures.c
x LKH-2.0.9/SRC/Flip_SSL.c
x LKH-2.0.9/SRC/MakeKOptMove.c
x LKH-2.0.9/SRC/BuildKDTree.c
x LKH-2.0.9/SRC/SolveTourSegmentSubproblems.c
x LKH-2.0.9/SRC/Random.c
x LKH-2.0.9/SRC/CreateDelaunayCandidateSet.c
x LKH-2.0.9/SRC/SolveSubproblemBorderProblems.c
x LKH-2.0.9/SRC/ReadParameters.c
x LKH-2.0.9/SRC/FixedOrCommonCandidates.c
x LKH-2.0.9/SRC/Best2OptMove.c
x LKH-2.0.9/SRC/Best3OptMove.c
x LKH-2.0.9/SRC/ReadCandidates.c
x LKH-2.0.9/SRC/Make4OptMove.c
x LKH-2.0.9/SRC/Make5OptMove.c
x LKH-2.0.9/SRC/CreateNNCandidateSet.c
x LKH-2.0.9/SRC/GenerateCandidates.c
x LKH-2.0.9/SRC/Between.c
x LKH-2.0.9/SRC/Flip_SL.c
x LKH-2.0.9/SRC/Activate.c
x LKH-2.0.9/SRC/SegmentSize.c
x LKH-2.0.9/SRC/SolveSubproblem.c
x LKH-2.0.9/SRC/MergeWithTourIPT.c
x LKH-2.0.9/SRC/StoreTour.c
x LKH-2.0.9/SRC/GreedyTour.c
x LKH-2.0.9/SRC/PrintParameters.c
x LKH-2.0.9/SRC/SFCTour.c
x LKH-2.0.9/SRC/Minimum1TreeCost.c
x LKH-2.0.9/SRC/MergeTourWithBestTour.c
x LKH-2.0.9/SRC/ReadEdges.c
x LKH-2.0.9/SRC/BridgeGain.c
x LKH-2.0.9/SRC/WriteCandidates.c
x LKH-2.0.9/SRC/Flip.c
x LKH-2.0.9/SRC/WriteTour.c
x LKH-2.0.9/SRC/Delaunay.c
x LKH-2.0.9/SRC/CreateQuadrantCandidateSet.c
x LKH-2.0.9/SRC/IsBackboneCandidate.c
x LKH-2.0.9/SRC/ReadLine.c
x LKH-2.0.9/SRC/RecordBestTour.c
x LKH-2.0.9/SRC/CandidateReport.c
x LKH-2.0.9/SRC/OrderCandidateSet.c
x LKH-2.0.9/SRC/AddExtraCandidates.c
x LKH-2.0.9/SRC/Distance.c
x LKH-2.0.9/SRC/Genetic.c
x LKH-2.0.9/SRC/AdjustClusters.c
x LKH-2.0.9/SRC/AddTourCandidates.c
x LKH-2.0.9/SRC/KSwapKick.c
x LKH-2.0.9/SRC/Connect.c
x LKH-2.0.9/SRC/RemoveFirstActive.c
x LKH-2.0.9/SRC/Ascent.c
x LKH-2.0.9/SRC/TrimCandidateSet.c
x LKH-2.0.9/SRC/printff.c
x LKH-2.0.9/SRC/Between_SSL.c
x LKH-2.0.9/SRC/Create_POPMUSIC_CandidateSet.c
x LKH-2.0.9/SRC/GeoConversion.c
x LKH-2.0.9/SRC/FindTour.c
x LKH-2.0.9/SRC/SymmetrizeCandidateSet.c
x LKH-2.0.9/SRC/ChooseInitialTour.c
x LKH-2.0.9/SRC/SolveKCenterSubproblems.c
x LKH-2.0.9/SRC/AddCandidate.c
x LKH-2.0.9/SRC/MinimumSpanningTree.c
x LKH-2.0.9/SRC/INCLUDE/Genetic.h
x LKH-2.0.9/SRC/INCLUDE/Segment.h
x LKH-2.0.9/SRC/INCLUDE/Delaunay.h
x LKH-2.0.9/SRC/INCLUDE/GeoConversion.h
x LKH-2.0.9/SRC/INCLUDE/LKH.h
x LKH-2.0.9/SRC/INCLUDE/Sequence.h
x LKH-2.0.9/SRC/INCLUDE/GainType.h
x LKH-2.0.9/SRC/INCLUDE/Heap.h
x LKH-2.0.9/SRC/INCLUDE/Hashing.h
x LKH-2.0.9/SRC/INCLUDE/gpx.h
x LKH-2.0.9/DOC/POPMUSIC_REPORT.pdf
x LKH-2.0.9/DOC/LKH_Genetic.pdf
x LKH-2.0.9/DOC/LKH_REPORT.pdf
x LKH-2.0.9/DOC/LKH-2_USER_GUIDE.pdf
x LKH-2.0.9/DOC/TSPLIB_DOC.pdf
/Applications/Xcode.app/Contents/Developer/usr/bin/make -C SRC all
/Applications/Xcode.app/Contents/Developer/usr/bin/make LKH
cc -c -o OBJ/Activate.o Activate.c -O3 -Wall -IINCLUDE -DTWO_LEVEL_TREE -g
cc -c -o OBJ/AddCandidate.o AddCandidate.c -O3 -Wall -IINCLUDE -DTWO_LEVEL_TREE -g
cc -c -o OBJ/AddExtraCandidates.o AddExtraCandidates.c -O3 -Wall -IINCLUDE -DTWO_LEVEL_TREE -g
cc -c -o OBJ/AddTourCandidates.o AddTourCandidates.c -O3 -Wall -IINCLUDE -DTWO_LEVEL_TREE -g
cc -c -o OBJ/AdjustCandidateSet.o AdjustCandidateSet.c -O3 -Wall -IINCLUDE -DTWO_LEVEL_TREE -g
cc -c -o OBJ/AdjustClusters.o AdjustClusters.c -O3 -Wall -IINCLUDE -DTWO_LEVEL_TREE -g
cc -c -o OBJ/AllocateStructures.o AllocateStructures.c -O3 -Wall -IINCLUDE -DTWO_LEVEL_TREE -g
cc -c -o OBJ/Ascent.o Ascent.c -O3 -Wall -IINCLUDE -DTWO_LEVEL_TREE -g
cc -c -o OBJ/Best2OptMove.o Best2OptMove.c -O3 -Wall -IINCLUDE -DTWO_LEVEL_TREE -g
cc -c -o OBJ/Best3OptMove.o Best3OptMove.c -O3 -Wall -IINCLUDE -DTWO_LEVEL_TREE -g
cc -c -o OBJ/Best4OptMove.o Best4OptMove.c -O3 -Wall -IINCLUDE -DTWO_LEVEL_TREE -g
cc -c -o OBJ/Best5OptMove.o Best5OptMove.c -O3 -Wall -IINCLUDE -DTWO_LEVEL_TREE -g
cc -c -o OBJ/BestKOptMove.o BestKOptMove.c -O3 -Wall -IINCLUDE -DTWO_LEVEL_TREE -g
cc -c -o OBJ/Between.o Between.c -O3 -Wall -IINCLUDE -DTWO_LEVEL_TREE -g
cc -c -o OBJ/Between_SL.o Between_SL.c -O3 -Wall -IINCLUDE -DTWO_LEVEL_TREE -g
cc -c -o OBJ/Between_SSL.o Between_SSL.c -O3 -Wall -IINCLUDE -DTWO_LEVEL_TREE -g
cc -c -o OBJ/BridgeGain.o BridgeGain.c -O3 -Wall -IINCLUDE -DTWO_LEVEL_TREE -g
cc -c -o OBJ/BuildKDTree.o BuildKDTree.c -O3 -Wall -IINCLUDE -DTWO_LEVEL_TREE -g
cc -c -o OBJ/C.o C.c -O3 -Wall -IINCLUDE -DTWO_LEVEL_TREE -g
cc -c -o OBJ/CandidateReport.o CandidateReport.c -O3 -Wall -IINCLUDE -DTWO_LEVEL_TREE -g
cc -c -o OBJ/ChooseInitialTour.o ChooseInitialTour.c -O3 -Wall -IINCLUDE -DTWO_LEVEL_TREE -g
cc -c -o OBJ/Connect.o Connect.c -O3 -Wall -IINCLUDE -DTWO_LEVEL_TREE -g
cc -c -o OBJ/CreateCandidateSet.o CreateCandidateSet.c -O3 -Wall -IINCLUDE -DTWO_LEVEL_TREE -g
cc -c -o OBJ/CreateDelaunayCandidateSet.o CreateDelaunayCandidateSet.c -O3 -Wall -IINCLUDE -DTWO_LEVEL_TREE -g
cc -c -o OBJ/CreateNNCandidateSet.o CreateNNCandidateSet.c -O3 -Wall -IINCLUDE -DTWO_LEVEL_TREE -g
cc -c -o OBJ/Create_POPMUSIC_CandidateSet.o Create_POPMUSIC_CandidateSet.c -O3 -Wall -IINCLUDE -DTWO_LEVEL_TREE -g
cc -c -o OBJ/CreateQuadrantCandidateSet.o CreateQuadrantCandidateSet.c -O3 -Wall -IINCLUDE -DTWO_LEVEL_TREE -g
cc -c -o OBJ/Delaunay.o Delaunay.c -O3 -Wall -IINCLUDE -DTWO_LEVEL_TREE -g
cc -c -o OBJ/Distance.o Distance.c -O3 -Wall -IINCLUDE -DTWO_LEVEL_TREE -g
cc -c -o OBJ/Distance_SPECIAL.o Distance_SPECIAL.c -O3 -Wall -IINCLUDE -DTWO_LEVEL_TREE -g
cc -c -o OBJ/eprintf.o eprintf.c -O3 -Wall -IINCLUDE -DTWO_LEVEL_TREE -g
cc -c -o OBJ/ERXT.o ERXT.c -O3 -Wall -IINCLUDE -DTWO_LEVEL_TREE -g
cc -c -o OBJ/Excludable.o Excludable.c -O3 -Wall -IINCLUDE -DTWO_LEVEL_TREE -g
cc -c -o OBJ/Exclude.o Exclude.c -O3 -Wall -IINCLUDE -DTWO_LEVEL_TREE -g
cc -c -o OBJ/FindTour.o FindTour.c -O3 -Wall -IINCLUDE -DTWO_LEVEL_TREE -g
cc -c -o OBJ/FixedOrCommonCandidates.o FixedOrCommonCandidates.c -O3 -Wall -IINCLUDE -DTWO_LEVEL_TREE -g
cc -c -o OBJ/Flip.o Flip.c -O3 -Wall -IINCLUDE -DTWO_LEVEL_TREE -g
cc -c -o OBJ/Flip_SL.o Flip_SL.c -O3 -Wall -IINCLUDE -DTWO_LEVEL_TREE -g
cc -c -o OBJ/Flip_SSL.o Flip_SSL.c -O3 -Wall -IINCLUDE -DTWO_LEVEL_TREE -g
cc -c -o OBJ/Forbidden.o Forbidden.c -O3 -Wall -IINCLUDE -DTWO_LEVEL_TREE -g
cc -c -o OBJ/FreeStructures.o FreeStructures.c -O3 -Wall -IINCLUDE -DTWO_LEVEL_TREE -g
cc -c -o OBJ/fscanint.o fscanint.c -O3 -Wall -IINCLUDE -DTWO_LEVEL_TREE -g
cc -c -o OBJ/Gain23.o Gain23.c -O3 -Wall -IINCLUDE -DTWO_LEVEL_TREE -g
cc -c -o OBJ/GenerateCandidates.o GenerateCandidates.c -O3 -Wall -IINCLUDE -DTWO_LEVEL_TREE -g
cc -c -o OBJ/Genetic.o Genetic.c -O3 -Wall -IINCLUDE -DTWO_LEVEL_TREE -g
cc -c -o OBJ/GeoConversion.o GeoConversion.c -O3 -Wall -IINCLUDE -DTWO_LEVEL_TREE -g
cc -c -o OBJ/GetTime.o GetTime.c -O3 -Wall -IINCLUDE -DTWO_LEVEL_TREE -g
cc -c -o OBJ/GreedyTour.o GreedyTour.c -O3 -Wall -IINCLUDE -DTWO_LEVEL_TREE -g
cc -c -o OBJ/Hashing.o Hashing.c -O3 -Wall -IINCLUDE -DTWO_LEVEL_TREE -g
cc -c -o OBJ/Heap.o Heap.c -O3 -Wall -IINCLUDE -DTWO_LEVEL_TREE -g
cc -c -o OBJ/IsBackboneCandidate.o IsBackboneCandidate.c -O3 -Wall -IINCLUDE -DTWO_LEVEL_TREE -g
cc -c -o OBJ/IsCandidate.o IsCandidate.c -O3 -Wall -IINCLUDE -DTWO_LEVEL_TREE -g
cc -c -o OBJ/IsCommonEdge.o IsCommonEdge.c -O3 -Wall -IINCLUDE -DTWO_LEVEL_TREE -g
cc -c -o OBJ/IsPossibleCandidate.o IsPossibleCandidate.c -O3 -Wall -IINCLUDE -DTWO_LEVEL_TREE -g
cc -c -o OBJ/KSwapKick.o KSwapKick.c -O3 -Wall -IINCLUDE -DTWO_LEVEL_TREE -g
cc -c -o OBJ/LinKernighan.o LinKernighan.c -O3 -Wall -IINCLUDE -DTWO_LEVEL_TREE -g
cc -c -o OBJ/LKHmain.o LKHmain.c -O3 -Wall -IINCLUDE -DTWO_LEVEL_TREE -g
cc -c -o OBJ/Make2OptMove.o Make2OptMove.c -O3 -Wall -IINCLUDE -DTWO_LEVEL_TREE -g
cc -c -o OBJ/Make3OptMove.o Make3OptMove.c -O3 -Wall -IINCLUDE -DTWO_LEVEL_TREE -g
cc -c -o OBJ/Make4OptMove.o Make4OptMove.c -O3 -Wall -IINCLUDE -DTWO_LEVEL_TREE -g
cc -c -o OBJ/Make5OptMove.o Make5OptMove.c -O3 -Wall -IINCLUDE -DTWO_LEVEL_TREE -g
cc -c -o OBJ/MakeKOptMove.o MakeKOptMove.c -O3 -Wall -IINCLUDE -DTWO_LEVEL_TREE -g
cc -c -o OBJ/MergeTourWithBestTour.o MergeTourWithBestTour.c -O3 -Wall -IINCLUDE -DTWO_LEVEL_TREE -g
cc -c -o OBJ/MergeWithTourIPT.o MergeWithTourIPT.c -O3 -Wall -IINCLUDE -DTWO_LEVEL_TREE -g
cc -c -o OBJ/Minimum1TreeCost.o Minimum1TreeCost.c -O3 -Wall -IINCLUDE -DTWO_LEVEL_TREE -g
cc -c -o OBJ/MinimumSpanningTree.o MinimumSpanningTree.c -O3 -Wall -IINCLUDE -DTWO_LEVEL_TREE -g
cc -c -o OBJ/NormalizeNodeList.o NormalizeNodeList.c -O3 -Wall -IINCLUDE -DTWO_LEVEL_TREE -g
cc -c -o OBJ/NormalizeSegmentList.o NormalizeSegmentList.c -O3 -Wall -IINCLUDE -DTWO_LEVEL_TREE -g
cc -c -o OBJ/OrderCandidateSet.o OrderCandidateSet.c -O3 -Wall -IINCLUDE -DTWO_LEVEL_TREE -g
cc -c -o OBJ/PatchCycles.o PatchCycles.c -O3 -Wall -IINCLUDE -DTWO_LEVEL_TREE -g
cc -c -o OBJ/printff.o printff.c -O3 -Wall -IINCLUDE -DTWO_LEVEL_TREE -g
cc -c -o OBJ/PrintParameters.o PrintParameters.c -O3 -Wall -IINCLUDE -DTWO_LEVEL_TREE -g
cc -c -o OBJ/Random.o Random.c -O3 -Wall -IINCLUDE -DTWO_LEVEL_TREE -g
cc -c -o OBJ/ReadCandidates.o ReadCandidates.c -O3 -Wall -IINCLUDE -DTWO_LEVEL_TREE -g
cc -c -o OBJ/ReadEdges.o ReadEdges.c -O3 -Wall -IINCLUDE -DTWO_LEVEL_TREE -g
cc -c -o OBJ/ReadLine.o ReadLine.c -O3 -Wall -IINCLUDE -DTWO_LEVEL_TREE -g
cc -c -o OBJ/ReadParameters.o ReadParameters.c -O3 -Wall -IINCLUDE -DTWO_LEVEL_TREE -g
cc -c -o OBJ/ReadPenalties.o ReadPenalties.c -O3 -Wall -IINCLUDE -DTWO_LEVEL_TREE -g
cc -c -o OBJ/ReadProblem.o ReadProblem.c -O3 -Wall -IINCLUDE -DTWO_LEVEL_TREE -g
cc -c -o OBJ/RecordBestTour.o RecordBestTour.c -O3 -Wall -IINCLUDE -DTWO_LEVEL_TREE -g
cc -c -o OBJ/RecordBetterTour.o RecordBetterTour.c -O3 -Wall -IINCLUDE -DTWO_LEVEL_TREE -g
cc -c -o OBJ/RemoveFirstActive.o RemoveFirstActive.c -O3 -Wall -IINCLUDE -DTWO_LEVEL_TREE -g
cc -c -o OBJ/ResetCandidateSet.o ResetCandidateSet.c -O3 -Wall -IINCLUDE -DTWO_LEVEL_TREE -g
cc -c -o OBJ/RestoreTour.o RestoreTour.c -O3 -Wall -IINCLUDE -DTWO_LEVEL_TREE -g
cc -c -o OBJ/SegmentSize.o SegmentSize.c -O3 -Wall -IINCLUDE -DTWO_LEVEL_TREE -g
cc -c -o OBJ/Sequence.o Sequence.c -O3 -Wall -IINCLUDE -DTWO_LEVEL_TREE -g
cc -c -o OBJ/SFCTour.o SFCTour.c -O3 -Wall -IINCLUDE -DTWO_LEVEL_TREE -g
cc -c -o OBJ/SolveCompressedSubproblem.o SolveCompressedSubproblem.c -O3 -Wall -IINCLUDE -DTWO_LEVEL_TREE -g
cc -c -o OBJ/SolveDelaunaySubproblems.o SolveDelaunaySubproblems.c -O3 -Wall -IINCLUDE -DTWO_LEVEL_TREE -g
cc -c -o OBJ/SolveKarpSubproblems.o SolveKarpSubproblems.c -O3 -Wall -IINCLUDE -DTWO_LEVEL_TREE -g
cc -c -o OBJ/SolveKCenterSubproblems.o SolveKCenterSubproblems.c -O3 -Wall -IINCLUDE -DTWO_LEVEL_TREE -g
cc -c -o OBJ/SolveKMeansSubproblems.o SolveKMeansSubproblems.c -O3 -Wall -IINCLUDE -DTWO_LEVEL_TREE -g
cc -c -o OBJ/SolveRoheSubproblems.o SolveRoheSubproblems.c -O3 -Wall -IINCLUDE -DTWO_LEVEL_TREE -g
cc -c -o OBJ/SolveSFCSubproblems.o SolveSFCSubproblems.c -O3 -Wall -IINCLUDE -DTWO_LEVEL_TREE -g
cc -c -o OBJ/SolveSubproblem.o SolveSubproblem.c -O3 -Wall -IINCLUDE -DTWO_LEVEL_TREE -g
cc -c -o OBJ/SolveSubproblemBorderProblems.o SolveSubproblemBorderProblems.c -O3 -Wall -IINCLUDE -DTWO_LEVEL_TREE -g
cc -c -o OBJ/SolveTourSegmentSubproblems.o SolveTourSegmentSubproblems.c -O3 -Wall -IINCLUDE -DTWO_LEVEL_TREE -g
cc -c -o OBJ/Statistics.o Statistics.c -O3 -Wall -IINCLUDE -DTWO_LEVEL_TREE -g
cc -c -o OBJ/StoreTour.o StoreTour.c -O3 -Wall -IINCLUDE -DTWO_LEVEL_TREE -g
cc -c -o OBJ/SymmetrizeCandidateSet.o SymmetrizeCandidateSet.c -O3 -Wall -IINCLUDE -DTWO_LEVEL_TREE -g
cc -c -o OBJ/TrimCandidateSet.o TrimCandidateSet.c -O3 -Wall -IINCLUDE -DTWO_LEVEL_TREE -g
cc -c -o OBJ/WriteCandidates.o WriteCandidates.c -O3 -Wall -IINCLUDE -DTWO_LEVEL_TREE -g
cc -c -o OBJ/WritePenalties.o WritePenalties.c -O3 -Wall -IINCLUDE -DTWO_LEVEL_TREE -g
cc -c -o OBJ/WriteTour.o WriteTour.c -O3 -Wall -IINCLUDE -DTWO_LEVEL_TREE -g
cc -c -o OBJ/MergeWithTourGPX2.o MergeWithTourGPX2.c -O3 -Wall -IINCLUDE -DTWO_LEVEL_TREE -g
cc -c -o OBJ/gpx.o gpx.c -O3 -Wall -IINCLUDE -DTWO_LEVEL_TREE -g
cc -o ../LKH OBJ/Activate.o OBJ/AddCandidate.o OBJ/AddExtraCandidates.o OBJ/AddTourCandidates.o OBJ/AdjustCandidateSet.o OBJ/AdjustClusters.o OBJ/AllocateStructures.o OBJ/Ascent.o OBJ/Best2OptMove.o OBJ/Best3OptMove.o OBJ/Best4OptMove.o OBJ/Best5OptMove.o OBJ/BestKOptMove.o OBJ/Between.o OBJ/Between_SL.o OBJ/Between_SSL.o OBJ/BridgeGain.o OBJ/BuildKDTree.o OBJ/C.o OBJ/CandidateReport.o OBJ/ChooseInitialTour.o OBJ/Connect.o OBJ/CreateCandidateSet.o OBJ/CreateDelaunayCandidateSet.o OBJ/CreateNNCandidateSet.o OBJ/Create_POPMUSIC_CandidateSet.o OBJ/CreateQuadrantCandidateSet.o OBJ/Delaunay.o OBJ/Distance.o OBJ/Distance_SPECIAL.o OBJ/eprintf.o OBJ/ERXT.o OBJ/Excludable.o OBJ/Exclude.o OBJ/FindTour.o OBJ/FixedOrCommonCandidates.o OBJ/Flip.o OBJ/Flip_SL.o OBJ/Flip_SSL.o OBJ/Forbidden.o OBJ/FreeStructures.o OBJ/fscanint.o OBJ/Gain23.o OBJ/GenerateCandidates.o OBJ/Genetic.o OBJ/GeoConversion.o OBJ/GetTime.o OBJ/GreedyTour.o OBJ/Hashing.o OBJ/Heap.o OBJ/IsBackboneCandidate.o OBJ/IsCandidate.o OBJ/IsCommonEdge.o OBJ/IsPossibleCandidate.o OBJ/KSwapKick.o OBJ/LinKernighan.o OBJ/LKHmain.o OBJ/Make2OptMove.o OBJ/Make3OptMove.o OBJ/Make4OptMove.o OBJ/Make5OptMove.o OBJ/MakeKOptMove.o OBJ/MergeTourWithBestTour.o OBJ/MergeWithTourIPT.o OBJ/Minimum1TreeCost.o OBJ/MinimumSpanningTree.o OBJ/NormalizeNodeList.o OBJ/NormalizeSegmentList.o OBJ/OrderCandidateSet.o OBJ/PatchCycles.o OBJ/printff.o OBJ/PrintParameters.o OBJ/Random.o OBJ/ReadCandidates.o OBJ/ReadEdges.o OBJ/ReadLine.o OBJ/ReadParameters.o OBJ/ReadPenalties.o OBJ/ReadProblem.o OBJ/RecordBestTour.o OBJ/RecordBetterTour.o OBJ/RemoveFirstActive.o OBJ/ResetCandidateSet.o OBJ/RestoreTour.o OBJ/SegmentSize.o OBJ/Sequence.o OBJ/SFCTour.o OBJ/SolveCompressedSubproblem.o OBJ/SolveDelaunaySubproblems.o OBJ/SolveKarpSubproblems.o OBJ/SolveKCenterSubproblems.o OBJ/SolveKMeansSubproblems.o OBJ/SolveRoheSubproblems.o OBJ/SolveSFCSubproblems.o OBJ/SolveSubproblem.o OBJ/SolveSubproblemBorderProblems.o OBJ/SolveTourSegmentSubproblems.o OBJ/Statistics.o OBJ/StoreTour.o OBJ/SymmetrizeCandidateSet.o OBJ/TrimCandidateSet.o OBJ/WriteCandidates.o OBJ/WritePenalties.o OBJ/WriteTour.o OBJ/MergeWithTourGPX2.o OBJ/gpx.o -O3 -Wall -IINCLUDE -DTWO_LEVEL_TREE -g -lm
PARAMETER_FILE = /Users/chkwon/.julia/dev/LKH/deps/LKH-2.0.9/pr2392.par
Reading PROBLEM_FILE: "pr2392.tsp" ... done
ASCENT_CANDIDATES = 50
BACKBONE_TRIALS = 0
BACKTRACKING = NO
# CANDIDATE_FILE =
CANDIDATE_SET_TYPE = ALPHA
# EDGE_FILE =
EXCESS = 0.00041806
EXTRA_CANDIDATES = 0 
EXTRA_CANDIDATE_SET_TYPE = QUADRANT
GAIN23 = YES
GAIN_CRITERION = YES
INITIAL_PERIOD = 1196
INITIAL_STEP_SIZE = 1
INITIAL_TOUR_ALGORITHM = WALK
# INITIAL_TOUR_FILE = 
INITIAL_TOUR_FRACTION = 1.000
# INPUT_TOUR_FILE = 
KICK_TYPE = 0
KICKS = 1
# MAX_BREADTH =
MAX_CANDIDATES = 5 
MAX_SWAPS = 2392
MAX_TRIALS = 2392
# MERGE_TOUR_FILE =
MOVE_TYPE = 5
NONSEQUENTIAL_MOVE_TYPE = 9
OPTIMUM = 378032
# OUTPUT_TOUR_FILE = 
PATCHING_A = 2 
PATCHING_C = 3 
# PI_FILE = 
POPMUSIC_INITIAL_TOUR = NO
POPMUSIC_MAX_NEIGHBORS = 5
POPMUSIC_SAMPLE_SIZE = 10
POPMUSIC_SOLUTIONS = 50
POPMUSIC_TRIALS = 1
# POPULATION_SIZE = 0
PRECISION = 100
PROBLEM_FILE = pr2392.tsp
RECOMBINATION = IPT
RESTRICTED_SEARCH = YES
RUNS = 10
SEED = 1
STOP_AT_OPTIMUM = YES
SUBGRADIENT = YES
# SUBPROBLEM_SIZE =
# SUBPROBLEM_TOUR_FILE = 
SUBSEQUENT_MOVE_TYPE = 5
SUBSEQUENT_PATCHING = YES
# TIME_LIMIT =
# TOUR_FILE = 
TRACE_LEVEL = 1

Lower bound = 373488.5, Gap = 1.20%, Ascent time = 4.25 sec.
Cand.min = 2, Cand.avg = 5.0, Cand.max = 5
Preprocessing time = 4.31 sec.
* 1: Cost = 378224, Gap = 0.0508%, Time = 0.18 sec. 
* 2: Cost = 378032, Gap = 0.0000%, Time = 0.23 sec. =
Run 1: Cost = 378032, Gap = 0.0000%, Time = 0.23 sec. =

* 1: Cost = 378032, Gap = 0.0000%, Time = 0.15 sec. =
Run 2: Cost = 378032, Gap = 0.0000%, Time = 0.15 sec. =

* 1: Cost = 378032, Gap = 0.0000%, Time = 0.17 sec. =
Run 3: Cost = 378032, Gap = 0.0000%, Time = 0.17 sec. =

* 1: Cost = 378811, Gap = 0.2061%, Time = 0.24 sec. 
* 3: Cost = 378798, Gap = 0.2026%, Time = 0.33 sec. 
* 6: Cost = 378653, Gap = 0.1643%, Time = 0.43 sec. 
* 10: Cost = 378033, Gap = 0.0003%, Time = 0.52 sec. 
* 11: Cost = 378032, Gap = 0.0000%, Time = 0.54 sec. =
Run 4: Cost = 378032, Gap = 0.0000%, Time = 0.54 sec. =

* 1: Cost = 378032, Gap = 0.0000%, Time = 0.23 sec. =
Run 5: Cost = 378032, Gap = 0.0000%, Time = 0.23 sec. =

* 1: Cost = 378136, Gap = 0.0275%, Time = 0.19 sec. 
* 2: Cost = 378032, Gap = 0.0000%, Time = 0.24 sec. =
Run 6: Cost = 378032, Gap = 0.0000%, Time = 0.24 sec. =

* 1: Cost = 378370, Gap = 0.0894%, Time = 0.18 sec. 
* 4: Cost = 378075, Gap = 0.0114%, Time = 0.48 sec. 
* 6: Cost = 378053, Gap = 0.0056%, Time = 0.56 sec. 
* 29: Cost = 378032, Gap = 0.0000%, Time = 0.79 sec. =
Run 7: Cost = 378032, Gap = 0.0000%, Time = 0.79 sec. =

* 1: Cost = 378683, Gap = 0.1722%, Time = 0.29 sec. 
* 2: Cost = 378032, Gap = 0.0000%, Time = 0.41 sec. =
Run 8: Cost = 378032, Gap = 0.0000%, Time = 0.41 sec. =

* 1: Cost = 378787, Gap = 0.1997%, Time = 0.28 sec. 
* 3: Cost = 378634, Gap = 0.1592%, Time = 0.35 sec. 
* 4: Cost = 378615, Gap = 0.1542%, Time = 0.40 sec. 
* 8: Cost = 378032, Gap = 0.0000%, Time = 0.61 sec. =
Run 9: Cost = 378032, Gap = 0.0000%, Time = 0.61 sec. =

* 1: Cost = 378032, Gap = 0.0000%, Time = 0.18 sec. =
Run 10: Cost = 378032, Gap = 0.0000%, Time = 0.18 sec. =

Successes/Runs = 10/10
Cost.min = 378032, Cost.avg = 378032.00, Cost.max = 378032
Gap.min = 0.0000%, Gap.avg = 0.0000%, Gap.max = 0.0000%
Trials.min = 1, Trials.avg = 5.8, Trials.max = 29
Time.min = 0.15 sec., Time.avg = 0.35 sec., Time.max = 0.79 sec.
